#
# A fatal error has been detected by the Java Runtime Environment:
#
#  Internal Error (safepoint.cpp:310), pid=16905, tid=0x0000000000003403
#  guarantee(PageArmed == 0) failed: invariant
#
# JRE version: Java(TM) SE Runtime Environment (8.0_111-b14) (build 1.8.0_111-b14)
# Java VM: Java HotSpot(TM) 64-Bit Server VM (25.111-b14 mixed mode bsd-amd64 compressed oops)
# Failed to write core dump. Core dumps have been disabled. To enable core dumping, try "ulimit -c unlimited" before starting Java again
#
# If you would like to submit a bug report, please visit:
#   http://bugreport.java.com/bugreport/crash.jsp
#

---------------  T H R E A D  ---------------

Current thread (0x000000010a30a000):  VMThread [stack: 0x00007000031c4000,0x00007000032c4000] [id=13315]

Stack: [0x00007000031c4000,0x00007000032c4000],  sp=0x00007000032c3910,  free space=1022k
Native frames: (J=compiled Java code, j=interpreted, Vv=VM code, C=native code)
V  [libjvm.dylib+0x5afbde]
V  [libjvm.dylib+0x1e74a3]
V  [libjvm.dylib+0x4e0eae]
V  [libjvm.dylib+0x5b610b]
V  [libjvm.dylib+0x5b5b49]
V  [libjvm.dylib+0x489b0a]
C  [libsystem_pthread.dylib+0x3aab]  _pthread_body+0xb4
C  [libsystem_pthread.dylib+0x39f7]  _pthread_body+0x0
C  [libsystem_pthread.dylib+0x3221]  thread_start+0xd


---------------  P R O C E S S  ---------------

Java Threads: ( => current thread )
  0x00000001030f0800 JavaThread "Service Thread" daemon [_thread_blocked, id=20739, stack(0x00007000039df000,0x0000700003adf000)]
  0x000000010650b800 JavaThread "C1 CompilerThread2" daemon [_thread_blocked, id=20227, stack(0x00007000038dc000,0x00007000039dc000)]
  0x000000010650a800 JavaThread "C2 CompilerThread1" daemon [_thread_blocked, id=19715, stack(0x00007000037d9000,0x00007000038d9000)]
  0x0000000106509000 JavaThread "C2 CompilerThread0" daemon [_thread_blocked, id=19203, stack(0x00007000036d6000,0x00007000037d6000)]
  0x000000010655c800 JavaThread "Attach Listener" daemon [_thread_blocked, id=18695, stack(0x00007000035d3000,0x00007000036d3000)]
  0x000000010a311000 JavaThread "Finalizer" daemon [_thread_blocked, id=14339, stack(0x00007000033ca000,0x00007000034ca000)]
  0x000000010a30e800 JavaThread "Reference Handler" daemon [_thread_blocked, id=13827, stack(0x00007000032c7000,0x00007000033c7000)]
  0x0000000106556000 JavaThread "main" [_thread_in_Java, id=775, stack(0x00007fff5f400000,0x00007fff5fc00000)]

Other Threads:
=>0x000000010a30a000 VMThread [stack: 0x00007000031c4000,0x00007000032c4000] [id=13315]
  0x0000000102303800 WatcherThread [stack: 0x0000700003ae2000,0x0000700003be2000] [id=21251]

VM state:synchronizing (normal execution)

VM Mutex/Monitor currently owned by a thread:  ([mutex/lock_event])
[0x0000000101889680] Safepoint_lock - owner thread: 0x000000010a30a000
[0x00000001018aa6d0] Threads_lock - owner thread: 0x000000010a30a000

Heap:
 PSYoungGen      total 157184K, used 143114K [0x0000000715580000, 0x0000000721800000, 0x00000007c0000000)
  eden space 117248K, 94% used [0x0000000715580000,0x000000071c1dffc8,0x000000071c800000)
  from space 39936K, 80% used [0x000000071f100000,0x0000000721062890,0x0000000721800000)
  to   space 40960K, 0% used [0x000000071c800000,0x000000071c800000,0x000000071f000000)
 ParOldGen       total 154624K, used 101416K [0x00000005c0000000, 0x00000005c9700000, 0x0000000715580000)
  object space 154624K, 65% used [0x00000005c0000000,0x00000005c630a1e8,0x00000005c9700000)
 Metaspace       used 3175K, capacity 4736K, committed 4864K, reserved 1056768K
  class space    used 349K, capacity 428K, committed 512K, reserved 1048576K

Card table byte_map: [0x000000010a800000,0x000000010b801000] byte_map_base: 0x0000000107a00000

Marking Bits: (ParMarkBitMap*) 0x00000001091efd20
 Begin Bits: [0x000000011cad3000, 0x0000000124ad3000)
 End Bits:   [0x0000000124ad3000, 0x000000012cad3000)

Polling page: 0x0000000101ff3000

CodeCache: size=245760Kb used=1467Kb max_used=1485Kb free=244292Kb
 bounds [0x000000010dad3000, 0x000000010dd43000, 0x000000011cad3000]
 total_blobs=398 nmethods=161 adapters=151
 compilation: enabled

Compilation events (10 events):
Event: 739.953 Thread 0x0000000106509000 nmethod 150 0x000000010dc42f10 code [0x000000010dc43260, 0x000000010dc45280]
Event: 739.954 Thread 0x0000000106509000  159       4       java.util.LinkedList::linkLast (59 bytes)
Event: 739.955 Thread 0x0000000106509000 nmethod 159 0x000000010dc2fa10 code [0x000000010dc2fb60, 0x000000010dc2fc98]
Event: 739.955 Thread 0x0000000106509000  160 %     4       weka.core.tokenizers.NGramTokenizer::filterOutEmptyStrings @ 10 (91 bytes)
Event: 739.969 Thread 0x000000010650a800 nmethod 156 0x000000010dc47310 code [0x000000010dc474c0, 0x000000010dc48208]
Event: 739.969 Thread 0x000000010650a800  158       4       java.util.LinkedList$Node::<init> (20 bytes)
Event: 739.969 Thread 0x0000000106509000 nmethod 160% 0x000000010dc31d90 code [0x000000010dc31f40, 0x000000010dc32678]
Event: 739.969 Thread 0x000000010650a800 nmethod 158 0x000000010dc10590 code [0x000000010dc106e0, 0x000000010dc10778]
Event: 739.969 Thread 0x0000000106509000  161       4       weka.core.tokenizers.NGramTokenizer::filterOutEmptyStrings (91 bytes)
Event: 739.990 Thread 0x0000000106509000 nmethod 161 0x000000010dc3e190 code [0x000000010dc3e340, 0x000000010dc3ef78]

GC Heap History (10 events):
Event: 9.131 GC heap before
{Heap before GC invocations=4 (full 1):
 PSYoungGen      total 38400K, used 33280K [0x0000000715580000, 0x000000071a080000, 0x00000007c0000000)
  eden space 33280K, 100% used [0x0000000715580000,0x0000000717600000,0x0000000717600000)
  from space 5120K, 0% used [0x0000000717b00000,0x0000000717b00000,0x0000000718000000)
  to   space 5120K, 0% used [0x0000000717600000,0x0000000717600000,0x0000000717b00000)
 ParOldGen       total 129536K, used 55434K [0x00000005c0000000, 0x00000005c7e80000, 0x0000000715580000)
  object space 129536K, 42% used [0x00000005c0000000,0x00000005c3622b70,0x00000005c7e80000)
 Metaspace       used 3166K, capacity 4736K, committed 4864K, reserved 1056768K
  class space    used 349K, capacity 428K, committed 512K, reserved 1048576K
Event: 9.180 GC heap after
Heap after GC invocations=4 (full 1):
 PSYoungGen      total 38400K, used 5098K [0x0000000715580000, 0x0000000719c80000, 0x00000007c0000000)
  eden space 33280K, 0% used [0x0000000715580000,0x0000000715580000,0x0000000717600000)
  from space 5120K, 99% used [0x0000000717600000,0x0000000717afaa78,0x0000000717b00000)
  to   space 5120K, 0% used [0x0000000719780000,0x0000000719780000,0x0000000719c80000)
 ParOldGen       total 129536K, used 87613K [0x00000005c0000000, 0x00000005c7e80000, 0x0000000715580000)
  object space 129536K, 67% used [0x00000005c0000000,0x00000005c558f5e8,0x00000005c7e80000)
 Metaspace       used 3166K, capacity 4736K, committed 4864K, reserved 1056768K
  class space    used 349K, capacity 428K, committed 512K, reserved 1048576K
}
Event: 729.818 GC heap before
{Heap before GC invocations=5 (full 1):
 PSYoungGen      total 38400K, used 38378K [0x0000000715580000, 0x0000000719c80000, 0x00000007c0000000)
  eden space 33280K, 100% used [0x0000000715580000,0x0000000717600000,0x0000000717600000)
  from space 5120K, 99% used [0x0000000717600000,0x0000000717afaa78,0x0000000717b00000)
  to   space 5120K, 0% used [0x0000000719780000,0x0000000719780000,0x0000000719c80000)
 ParOldGen       total 129536K, used 87613K [0x00000005c0000000, 0x00000005c7e80000, 0x0000000715580000)
  object space 129536K, 67% used [0x00000005c0000000,0x00000005c558f5e8,0x00000005c7e80000)
 Metaspace       used 3172K, capacity 4736K, committed 4864K, reserved 1056768K
  class space    used 349K, capacity 428K, committed 512K, reserved 1048576K
Event: 729.871 GC heap after
Heap after GC invocations=5 (full 1):
 PSYoungGen      total 66560K, used 5109K [0x0000000715580000, 0x0000000719c80000, 0x00000007c0000000)
  eden space 61440K, 0% used [0x0000000715580000,0x0000000715580000,0x0000000719180000)
  from space 5120K, 99% used [0x0000000719780000,0x0000000719c7d458,0x0000000719c80000)
  to   space 5120K, 0% used [0x0000000719280000,0x0000000719280000,0x0000000719780000)
 ParOldGen       total 129536K, used 103605K [0x00000005c0000000, 0x00000005c7e80000, 0x0000000715580000)
  object space 129536K, 79% used [0x00000005c0000000,0x00000005c652d5e8,0x00000005c7e80000)
 Metaspace       used 3172K, capacity 4736K, committed 4864K, reserved 1056768K
  class space    used 349K, capacity 428K, committed 512K, reserved 1048576K
}
Event: 729.871 GC heap before
{Heap before GC invocations=6 (full 2):
 PSYoungGen      total 66560K, used 5109K [0x0000000715580000, 0x0000000719c80000, 0x00000007c0000000)
  eden space 61440K, 0% used [0x0000000715580000,0x0000000715580000,0x0000000719180000)
  from space 5120K, 99% used [0x0000000719780000,0x0000000719c7d458,0x0000000719c80000)
  to   space 5120K, 0% used [0x0000000719280000,0x0000000719280000,0x0000000719780000)
 ParOldGen       total 129536K, used 103605K [0x00000005c0000000, 0x00000005c7e80000, 0x0000000715580000)
  object space 129536K, 79% used [0x00000005c0000000,0x00000005c652d5e8,0x00000005c7e80000)
 Metaspace       used 3172K, capacity 4736K, committed 4864K, reserved 1056768K
  class space    used 349K, capacity 428K, committed 512K, reserved 1048576K
Event: 730.124 GC heap after
Heap after GC invocations=6 (full 2):
 PSYoungGen      total 66560K, used 0K [0x0000000715580000, 0x0000000719c80000, 0x00000007c0000000)
  eden space 61440K, 0% used [0x0000000715580000,0x0000000715580000,0x0000000719180000)
  from space 5120K, 0% used [0x0000000719780000,0x0000000719780000,0x0000000719c80000)
  to   space 5120K, 0% used [0x0000000719280000,0x0000000719280000,0x0000000719780000)
 ParOldGen       total 154624K, used 74200K [0x00000005c0000000, 0x00000005c9700000, 0x0000000715580000)
  object space 154624K, 47% used [0x00000005c0000000,0x00000005c48761d8,0x00000005c9700000)
 Metaspace       used 3172K, capacity 4736K, committed 4864K, reserved 1056768K
  class space    used 349K, capacity 428K, committed 512K, reserved 1048576K
}
Event: 730.162 GC heap before
{Heap before GC invocations=7 (full 2):
 PSYoungGen      total 66560K, used 59951K [0x0000000715580000, 0x0000000719c80000, 0x00000007c0000000)
  eden space 61440K, 97% used [0x0000000715580000,0x000000071900bfd0,0x0000000719180000)
  from space 5120K, 0% used [0x0000000719780000,0x0000000719780000,0x0000000719c80000)
  to   space 5120K, 0% used [0x0000000719280000,0x0000000719280000,0x0000000719780000)
 ParOldGen       total 154624K, used 74200K [0x00000005c0000000, 0x00000005c9700000, 0x0000000715580000)
  object space 154624K, 47% used [0x00000005c0000000,0x00000005c48761d8,0x00000005c9700000)
 Metaspace       used 3172K, capacity 4736K, committed 4864K, reserved 1056768K
  class space    used 349K, capacity 428K, committed 512K, reserved 1048576K
Event: 730.193 GC heap after
Heap after GC invocations=7 (full 2):
 PSYoungGen      total 67584K, used 5088K [0x0000000715580000, 0x0000000721a80000, 0x00000007c0000000)
  eden space 62464K, 0% used [0x0000000715580000,0x0000000715580000,0x0000000719280000)
  from space 5120K, 99% used [0x0000000719280000,0x0000000719778010,0x0000000719780000)
  to   space 42496K, 0% used [0x000000071f100000,0x000000071f100000,0x0000000721a80000)
 ParOldGen       total 154624K, used 101416K [0x00000005c0000000, 0x00000005c9700000, 0x0000000715580000)
  object space 154624K, 65% used [0x00000005c0000000,0x00000005c630a1e8,0x00000005c9700000)
 Metaspace       used 3172K, capacity 4736K, committed 4864K, reserved 1056768K
  class space    used 349K, capacity 428K, committed 512K, reserved 1048576K
}
Event: 739.762 GC heap before
{Heap before GC invocations=8 (full 2):
 PSYoungGen      total 67584K, used 64077K [0x0000000715580000, 0x0000000721a80000, 0x00000007c0000000)
  eden space 62464K, 94% used [0x0000000715580000,0x0000000718f1b7b0,0x0000000719280000)
  from space 5120K, 99% used [0x0000000719280000,0x0000000719778010,0x0000000719780000)
  to   space 42496K, 0% used [0x000000071f100000,0x000000071f100000,0x0000000721a80000)
 ParOldGen       total 154624K, used 101416K [0x00000005c0000000, 0x00000005c9700000, 0x0000000715580000)
  object space 154624K, 65% used [0x00000005c0000000,0x00000005c630a1e8,0x00000005c9700000)
 Metaspace       used 3172K, capacity 4736K, committed 4864K, reserved 1056768K
  class space    used 349K, capacity 428K, committed 512K, reserved 1048576K
Event: 739.796 GC heap after
Heap after GC invocations=8 (full 2):
 PSYoungGen      total 157184K, used 32138K [0x0000000715580000, 0x0000000721800000, 0x00000007c0000000)
  eden space 117248K, 0% used [0x0000000715580000,0x0000000715580000,0x000000071c800000)
  from space 39936K, 80% used [0x000000071f100000,0x0000000721062890,0x0000000721800000)
  to   space 40960K, 0% used [0x000000071c800000,0x000000071c800000,0x000000071f000000)
 ParOldGen       total 154624K, used 101416K [0x00000005c0000000, 0x00000005c9700000, 0x0000000715580000)
  object space 154624K, 65% used [0x00000005c0000000,0x00000005c630a1e8,0x00000005c9700000)
 Metaspace       used 3172K, capacity 4736K, committed 4864K, reserved 1056768K
  class space    used 349K, capacity 428K, committed 512K, reserved 1048576K
}

Deoptimization events (10 events):
Event: 730.213 Thread 0x0000000106556000 Uncommon trap: reason=unstable_if action=reinterpret pc=0x000000010dc02918 method=java.util.regex.Matcher.search(I)Z @ 30
Event: 730.213 Thread 0x0000000106556000 Uncommon trap: reason=unstable_if action=reinterpret pc=0x000000010dbfddc4 method=java.lang.String.substring(II)Ljava/lang/String; @ 49
Event: 730.213 Thread 0x0000000106556000 Uncommon trap: reason=unstable_if action=reinterpret pc=0x000000010dbfeab8 method=java.util.regex.Pattern$Start.match(Ljava/util/regex/Matcher;ILjava/lang/CharSequence;)Z @ 10
Event: 730.213 Thread 0x0000000106556000 Uncommon trap: reason=unstable_if action=reinterpret pc=0x000000010dc15b64 method=java.util.AbstractCollection.toArray([Ljava/lang/Object;)[Ljava/lang/Object; @ 46
Event: 730.213 Thread 0x0000000106556000 Uncommon trap: reason=unstable_if action=reinterpret pc=0x000000010dc16d34 method=java.util.LinkedList.linkLast(Ljava/lang/Object;)V @ 22
Event: 730.213 Thread 0x0000000106556000 Uncommon trap: reason=unstable_if action=reinterpret pc=0x000000010dbff2bc method=weka.core.tokenizers.NGramTokenizer.hasMoreElements()Z @ 8
Event: 730.215 Thread 0x0000000106556000 Uncommon trap: reason=unstable_if action=reinterpret pc=0x000000010dc0128c method=java.lang.String.substring(II)Ljava/lang/String; @ 49
Event: 730.215 Thread 0x0000000106556000 Uncommon trap: reason=unstable_if action=reinterpret pc=0x000000010dbf9c7c method=java.util.regex.Pattern$Start.match(Ljava/util/regex/Matcher;ILjava/lang/CharSequence;)Z @ 10
Event: 739.812 Thread 0x0000000106556000 Uncommon trap: reason=unstable_if action=reinterpret pc=0x000000010dc25c40 method=java.lang.String.trim()Ljava/lang/String; @ 54
Event: 739.817 Thread 0x0000000106556000 Uncommon trap: reason=unstable_if action=reinterpret pc=0x000000010dbfc8a4 method=java.util.regex.Pattern$BitClass.isSatisfiedBy(I)Z @ 4

Internal exceptions (3 events):
Event: 0.028 Thread 0x0000000106556000 Exception <a 'java/lang/NoSuchMethodError': Method sun.misc.Unsafe.defineClass(Ljava/lang/String;[BII)Ljava/lang/Class; name or signature does not match> (0x0000000715587c78) thrown at [/Users/java_re/workspace/8-2-build-macosx-x86_64/jdk8u111/7883/hotspo
Event: 0.028 Thread 0x0000000106556000 Exception <a 'java/lang/NoSuchMethodError': Method sun.misc.Unsafe.prefetchRead(Ljava/lang/Object;J)V name or signature does not match> (0x0000000715587f60) thrown at [/Users/java_re/workspace/8-2-build-macosx-x86_64/jdk8u111/7883/hotspot/src/share/vm/pri
Event: 730.213 Thread 0x0000000106556000 Implicit null exception at 0x000000010dc16cd9 to 0x000000010dc16d19

Events (10 events):
Event: 739.812 Thread 0x0000000106556000 DEOPT UNPACKING pc=0x000000010dad8229 sp=0x00007fff5fbf9c00 mode 2
Event: 739.817 Thread 0x0000000106556000 Uncommon trap: trap_request=0xffffff65 fr.pc=0x000000010dbfc8a4
Event: 739.817 Thread 0x0000000106556000 DEOPT PACKING pc=0x000000010dbfc8a4 sp=0x00007fff5fbf9bc0
Event: 739.817 Thread 0x0000000106556000 DEOPT UNPACKING pc=0x000000010dad8229 sp=0x00007fff5fbf9b30 mode 2
Event: 739.885 Thread 0x0000000106556000 DEOPT PACKING pc=0x000000010dc0d9e0 sp=0x00007fff5fbf9d10
Event: 739.885 Thread 0x0000000106556000 DEOPT UNPACKING pc=0x000000010db1a633 sp=0x00007fff5fbf9b40 mode 0
Event: 739.942 Thread 0x0000000106556000 DEOPT PACKING pc=0x000000010dc399d0 sp=0x00007fff5fbf9cb0
Event: 739.942 Thread 0x0000000106556000 DEOPT UNPACKING pc=0x000000010db1a633 sp=0x00007fff5fbf9a50 mode 0
Event: 739.969 Thread 0x0000000106556000 DEOPT PACKING pc=0x000000010dc17d61 sp=0x00007fff5fbf9eb0
Event: 739.969 Thread 0x0000000106556000 DEOPT UNPACKING pc=0x000000010db1a633 sp=0x00007fff5fbf9c68 mode 0


Dynamic libraries:
0x0000000016b2c000 	/System/Library/Frameworks/AppKit.framework/Versions/C/AppKit
0x0000000100e44000 	/Library/Frameworks/R.framework/Resources/lib/libR.dylib
0x0000000016b2c000 	/usr/lib/libSystem.B.dylib
0x0000000016b2c000 	/usr/lib/libz.1.dylib
0x0000000016b2c000 	/System/Library/Frameworks/CoreServices.framework/Versions/A/CoreServices
0x0000000016b2c000 	/usr/lib/libstdc++.6.dylib
0x0000000016b2c000 	/System/Library/Frameworks/CoreFoundation.framework/Versions/A/CoreFoundation
0x0000000016b2c000 	/System/Library/Frameworks/Foundation.framework/Versions/C/Foundation
0x0000000016b2c000 	/usr/lib/libobjc.A.dylib
0x0000000016b2c000 	/System/Library/PrivateFrameworks/RemoteViewServices.framework/Versions/A/RemoteViewServices
0x0000000016b2c000 	/System/Library/PrivateFrameworks/UIFoundation.framework/Versions/A/UIFoundation
0x0000000016b2c000 	/usr/lib/libenergytrace.dylib
0x0000000016b2c000 	/System/Library/PrivateFrameworks/SkyLight.framework/Versions/A/SkyLight
0x0000000016b2c000 	/System/Library/Frameworks/CoreGraphics.framework/Versions/A/CoreGraphics
0x0000000016b2c000 	/usr/lib/libScreenReader.dylib
0x0000000016b2c000 	/System/Library/Frameworks/Accelerate.framework/Versions/A/Accelerate
0x0000000016b2c000 	/System/Library/Frameworks/IOSurface.framework/Versions/A/IOSurface
0x0000000016b2c000 	/System/Library/Frameworks/ApplicationServices.framework/Versions/A/ApplicationServices
0x0000000016b2c000 	/System/Library/Frameworks/AudioToolbox.framework/Versions/A/AudioToolbox
0x0000000016b2c000 	/System/Library/Frameworks/AudioUnit.framework/Versions/A/AudioUnit
0x0000000016b2c000 	/System/Library/Frameworks/CoreData.framework/Versions/A/CoreData
0x0000000016b2c000 	/System/Library/PrivateFrameworks/DataDetectorsCore.framework/Versions/A/DataDetectorsCore
0x0000000016b2c000 	/System/Library/PrivateFrameworks/DesktopServicesPriv.framework/Versions/A/DesktopServicesPriv
0x0000000016b2c000 	/System/Library/Frameworks/Carbon.framework/Versions/A/Frameworks/HIToolbox.framework/Versions/A/HIToolbox
0x0000000016b2c000 	/usr/lib/libicucore.A.dylib
0x0000000016b2c000 	/System/Library/Frameworks/QuartzCore.framework/Versions/A/QuartzCore
0x0000000016b2c000 	/System/Library/Frameworks/Security.framework/Versions/A/Security
0x0000000016b2c000 	/System/Library/Frameworks/Carbon.framework/Versions/A/Frameworks/SpeechRecognition.framework/Versions/A/SpeechRecognition
0x0000000016b2c000 	/usr/lib/libauto.dylib
0x0000000016b2c000 	/usr/lib/libxml2.2.dylib
0x0000000016b2c000 	/System/Library/PrivateFrameworks/CoreUI.framework/Versions/A/CoreUI
0x0000000016b2c000 	/System/Library/Frameworks/CoreAudio.framework/Versions/A/CoreAudio
0x0000000016b2c000 	/System/Library/Frameworks/DiskArbitration.framework/Versions/A/DiskArbitration
0x0000000016b2c000 	/usr/lib/liblangid.dylib
0x0000000016b2c000 	/System/Library/PrivateFrameworks/MultitouchSupport.framework/Versions/A/MultitouchSupport
0x0000000016b2c000 	/System/Library/Frameworks/IOKit.framework/Versions/A/IOKit
0x0000000016b2c000 	/usr/lib/libDiagnosticMessagesClient.dylib
0x0000000016b2c000 	/System/Library/PrivateFrameworks/PerformanceAnalysis.framework/Versions/A/PerformanceAnalysis
0x0000000016b2c000 	/System/Library/PrivateFrameworks/GenerationalStorage.framework/Versions/A/GenerationalStorage
0x0000000016b2c000 	/System/Library/Frameworks/OpenGL.framework/Versions/A/OpenGL
0x0000000016b2c000 	/System/Library/Frameworks/CoreImage.framework/Versions/A/CoreImage
0x0000000016b2c000 	/System/Library/Frameworks/CoreText.framework/Versions/A/CoreText
0x0000000016b2c000 	/System/Library/Frameworks/ImageIO.framework/Versions/A/ImageIO
0x0000000016b2c000 	/System/Library/PrivateFrameworks/Backup.framework/Versions/A/Backup
0x0000000016b2c000 	/usr/lib/libarchive.2.dylib
0x0000000016b2c000 	/System/Library/Frameworks/CFNetwork.framework/Versions/A/CFNetwork
0x0000000016b2c000 	/System/Library/Frameworks/SystemConfiguration.framework/Versions/A/SystemConfiguration
0x0000000016b2c000 	/usr/lib/libCRFSuite.dylib
0x0000000016b2c000 	/usr/lib/libc++.1.dylib
0x0000000016b2c000 	/usr/lib/libc++abi.dylib
0x0000000016b2c000 	/usr/lib/system/libcache.dylib
0x0000000016b2c000 	/usr/lib/system/libcommonCrypto.dylib
0x0000000016b2c000 	/usr/lib/system/libcompiler_rt.dylib
0x0000000016b2c000 	/usr/lib/system/libcopyfile.dylib
0x0000000016b2c000 	/usr/lib/system/libcorecrypto.dylib
0x0000000016b2c000 	/usr/lib/system/libdispatch.dylib
0x0000000016b2c000 	/usr/lib/system/libdyld.dylib
0x0000000016b2c000 	/usr/lib/system/libkeymgr.dylib
0x0000000016b2c000 	/usr/lib/system/liblaunch.dylib
0x0000000016b2c000 	/usr/lib/system/libmacho.dylib
0x0000000016b2c000 	/usr/lib/system/libquarantine.dylib
0x0000000016b2c000 	/usr/lib/system/libremovefile.dylib
0x0000000016b2c000 	/usr/lib/system/libsystem_asl.dylib
0x0000000016b2c000 	/usr/lib/system/libsystem_blocks.dylib
0x0000000016b2c000 	/usr/lib/system/libsystem_c.dylib
0x0000000016b2c000 	/usr/lib/system/libsystem_configuration.dylib
0x0000000016b2c000 	/usr/lib/system/libsystem_coreservices.dylib
0x0000000016b2c000 	/usr/lib/system/libsystem_coretls.dylib
0x0000000016b2c000 	/usr/lib/system/libsystem_dnssd.dylib
0x0000000016b2c000 	/usr/lib/system/libsystem_info.dylib
0x0000000016b2c000 	/usr/lib/system/libsystem_kernel.dylib
0x0000000016b2c000 	/usr/lib/system/libsystem_m.dylib
0x0000000016b2c000 	/usr/lib/system/libsystem_malloc.dylib
0x0000000016b2c000 	/usr/lib/system/libsystem_network.dylib
0x0000000016b2c000 	/usr/lib/system/libsystem_networkextension.dylib
0x0000000016b2c000 	/usr/lib/system/libsystem_notify.dylib
0x0000000016b2c000 	/usr/lib/system/libsystem_platform.dylib
0x0000000016b2c000 	/usr/lib/system/libsystem_pthread.dylib
0x0000000016b2c000 	/usr/lib/system/libsystem_sandbox.dylib
0x0000000016b2c000 	/usr/lib/system/libsystem_secinit.dylib
0x0000000016b2c000 	/usr/lib/system/libsystem_symptoms.dylib
0x0000000016b2c000 	/usr/lib/system/libsystem_trace.dylib
0x0000000016b2c000 	/usr/lib/system/libunwind.dylib
0x0000000016b2c000 	/usr/lib/system/libxpc.dylib
0x0000000016b2c000 	/usr/lib/libbsm.0.dylib
0x0000000016b2c000 	/usr/lib/system/libkxld.dylib
0x0000000016b2c000 	/usr/lib/libcoretls.dylib
0x0000000016b2c000 	/usr/lib/libcoretls_cfhelpers.dylib
0x0000000016b2c000 	/usr/lib/libxar.1.dylib
0x0000000016b2c000 	/usr/lib/libsqlite3.dylib
0x0000000016b2c000 	/usr/lib/libpam.2.dylib
0x0000000016b2c000 	/usr/lib/libOpenScriptingUtil.dylib
0x0000000016b2c000 	/usr/lib/libbz2.1.0.dylib
0x0000000016b2c000 	/usr/lib/liblzma.5.dylib
0x0000000016b2c000 	/usr/lib/libnetwork.dylib
0x0000000016b2c000 	/usr/lib/libpcap.A.dylib
0x0000000016b2c000 	/System/Library/Frameworks/CoreServices.framework/Versions/A/Frameworks/FSEvents.framework/Versions/A/FSEvents
0x0000000016b2c000 	/System/Library/Frameworks/CoreServices.framework/Versions/A/Frameworks/CarbonCore.framework/Versions/A/CarbonCore
0x0000000016b2c000 	/System/Library/Frameworks/CoreServices.framework/Versions/A/Frameworks/Metadata.framework/Versions/A/Metadata
0x0000000016b2c000 	/System/Library/Frameworks/CoreServices.framework/Versions/A/Frameworks/OSServices.framework/Versions/A/OSServices
0x0000000016b2c000 	/System/Library/Frameworks/CoreServices.framework/Versions/A/Frameworks/SearchKit.framework/Versions/A/SearchKit
0x0000000016b2c000 	/System/Library/Frameworks/CoreServices.framework/Versions/A/Frameworks/AE.framework/Versions/A/AE
0x0000000016b2c000 	/System/Library/Frameworks/CoreServices.framework/Versions/A/Frameworks/LaunchServices.framework/Versions/A/LaunchServices
0x0000000016b2c000 	/System/Library/Frameworks/CoreServices.framework/Versions/A/Frameworks/DictionaryServices.framework/Versions/A/DictionaryServices
0x0000000016b2c000 	/System/Library/Frameworks/CoreServices.framework/Versions/A/Frameworks/SharedFileList.framework/Versions/A/SharedFileList
0x0000000016b2c000 	/System/Library/Frameworks/NetFS.framework/Versions/A/NetFS
0x0000000016b2c000 	/System/Library/PrivateFrameworks/NetAuth.framework/Versions/A/NetAuth
0x0000000016b2c000 	/System/Library/PrivateFrameworks/login.framework/Versions/A/Frameworks/loginsupport.framework/Versions/A/loginsupport
0x0000000016b2c000 	/System/Library/PrivateFrameworks/TCC.framework/Versions/A/TCC
0x0000000016b2c000 	/usr/lib/libmecabra.dylib
0x0000000016b2c000 	/System/Library/Frameworks/ApplicationServices.framework/Versions/A/Frameworks/ATS.framework/Versions/A/ATS
0x0000000016b2c000 	/System/Library/Frameworks/ApplicationServices.framework/Versions/A/Frameworks/ColorSync.framework/Versions/A/ColorSync
0x0000000016b2c000 	/System/Library/Frameworks/ApplicationServices.framework/Versions/A/Frameworks/HIServices.framework/Versions/A/HIServices
0x0000000016b2c000 	/System/Library/Frameworks/ApplicationServices.framework/Versions/A/Frameworks/LangAnalysis.framework/Versions/A/LangAnalysis
0x0000000016b2c000 	/System/Library/Frameworks/ApplicationServices.framework/Versions/A/Frameworks/PrintCore.framework/Versions/A/PrintCore
0x0000000016b2c000 	/System/Library/Frameworks/ApplicationServices.framework/Versions/A/Frameworks/QD.framework/Versions/A/QD
0x0000000016b2c000 	/System/Library/Frameworks/ApplicationServices.framework/Versions/A/Frameworks/SpeechSynthesis.framework/Versions/A/SpeechSynthesis
0x0000000016b2c000 	/System/Library/Frameworks/Accelerate.framework/Versions/A/Frameworks/vImage.framework/Versions/A/vImage
0x0000000016b2c000 	/System/Library/Frameworks/Accelerate.framework/Versions/A/Frameworks/vecLib.framework/Versions/A/vecLib
0x0000000016b2c000 	/System/Library/Frameworks/Accelerate.framework/Versions/A/Frameworks/vecLib.framework/Versions/A/libvDSP.dylib
0x0000000016b2c000 	/System/Library/Frameworks/Accelerate.framework/Versions/A/Frameworks/vecLib.framework/Versions/A/libBNNS.dylib
0x0000000016b2c000 	/System/Library/Frameworks/Accelerate.framework/Versions/A/Frameworks/vecLib.framework/Versions/A/libQuadrature.dylib
0x0000000016b2c000 	/System/Library/Frameworks/Accelerate.framework/Versions/A/Frameworks/vecLib.framework/Versions/A/libvMisc.dylib
0x0000000016b2c000 	/System/Library/Frameworks/Accelerate.framework/Versions/A/Frameworks/vecLib.framework/Versions/A/libLAPACK.dylib
0x0000000016b2c000 	/System/Library/Frameworks/Accelerate.framework/Versions/A/Frameworks/vecLib.framework/Versions/A/libBLAS.dylib
0x0000000016b2c000 	/System/Library/Frameworks/Accelerate.framework/Versions/A/Frameworks/vecLib.framework/Versions/A/libLinearAlgebra.dylib
0x0000000016b2c000 	/System/Library/Frameworks/Accelerate.framework/Versions/A/Frameworks/vecLib.framework/Versions/A/libSparseBLAS.dylib
0x0000000016b2c000 	/System/Library/Frameworks/ApplicationServices.framework/Versions/A/Frameworks/ATS.framework/Versions/A/Resources/libFontParser.dylib
0x0000000016b2c000 	/System/Library/Frameworks/ApplicationServices.framework/Versions/A/Frameworks/ATS.framework/Versions/A/Resources/libFontRegistry.dylib
0x0000000016b2c000 	/System/Library/Frameworks/ImageIO.framework/Versions/A/Resources/libJPEG.dylib
0x0000000016b2c000 	/System/Library/Frameworks/ImageIO.framework/Versions/A/Resources/libTIFF.dylib
0x0000000016b2c000 	/System/Library/Frameworks/ImageIO.framework/Versions/A/Resources/libPng.dylib
0x0000000016b2c000 	/System/Library/Frameworks/ImageIO.framework/Versions/A/Resources/libGIF.dylib
0x0000000016b2c000 	/System/Library/Frameworks/ImageIO.framework/Versions/A/Resources/libJP2.dylib
0x0000000016b2c000 	/System/Library/Frameworks/ImageIO.framework/Versions/A/Resources/libRadiance.dylib
0x0000000016b2c000 	/usr/lib/libcompression.dylib
0x0000000016b2c000 	/System/Library/PrivateFrameworks/AppleJPEG.framework/Versions/A/AppleJPEG
0x0000000016b2c000 	/usr/lib/libcups.2.dylib
0x0000000016b2c000 	/System/Library/Frameworks/Kerberos.framework/Versions/A/Kerberos
0x0000000016b2c000 	/System/Library/Frameworks/GSS.framework/Versions/A/GSS
0x0000000016b2c000 	/usr/lib/libresolv.9.dylib
0x0000000016b2c000 	/usr/lib/libiconv.2.dylib
0x0000000016b2c000 	/System/Library/PrivateFrameworks/Heimdal.framework/Versions/A/Heimdal
0x0000000016b2c000 	/usr/lib/libheimdal-asn1.dylib
0x0000000016b2c000 	/System/Library/Frameworks/OpenDirectory.framework/Versions/A/OpenDirectory
0x0000000016b2c000 	/System/Library/PrivateFrameworks/CommonAuth.framework/Versions/A/CommonAuth
0x0000000016b2c000 	/System/Library/Frameworks/OpenDirectory.framework/Versions/A/Frameworks/CFOpenDirectory.framework/Versions/A/CFOpenDirectory
0x0000000016b2c000 	/System/Library/Frameworks/SecurityFoundation.framework/Versions/A/SecurityFoundation
0x0000000016b2c000 	/System/Library/PrivateFrameworks/LanguageModeling.framework/Versions/A/LanguageModeling
0x0000000016b2c000 	/usr/lib/libmarisa.dylib
0x0000000016b2c000 	/usr/lib/libChineseTokenizer.dylib
0x0000000016b2c000 	/usr/lib/libcmph.dylib
0x0000000016b2c000 	/System/Library/PrivateFrameworks/CoreEmoji.framework/Versions/A/CoreEmoji
0x0000000016b2c000 	/System/Library/Frameworks/ServiceManagement.framework/Versions/A/ServiceManagement
0x0000000016b2c000 	/usr/lib/libxslt.1.dylib
0x0000000016b2c000 	/System/Library/Frameworks/Carbon.framework/Versions/A/Frameworks/Ink.framework/Versions/A/Ink
0x0000000016b2c000 	/System/Library/PrivateFrameworks/TextureIO.framework/Versions/A/TextureIO
0x0000000016b2c000 	/System/Library/Frameworks/Metal.framework/Versions/A/Metal
0x0000000016b2c000 	/usr/lib/libate.dylib
0x0000000016b2c000 	/System/Library/PrivateFrameworks/GPUCompiler.framework/libmetal_timestamp.dylib
0x0000000016b2c000 	/System/Library/Frameworks/OpenGL.framework/Versions/A/Libraries/libCoreFSCache.dylib
0x0000000016b2c000 	/System/Library/PrivateFrameworks/IOAccelerator.framework/Versions/A/IOAccelerator
0x0000000016b2c000 	/System/Library/Frameworks/CoreVideo.framework/Versions/A/CoreVideo
0x0000000016b2c000 	/usr/lib/libFosl_dynamic.dylib
0x0000000016b2c000 	/System/Library/PrivateFrameworks/MetalPerformanceShaders.framework/Versions/A/MetalPerformanceShaders
0x0000000016b2c000 	/System/Library/PrivateFrameworks/FaceCore.framework/Versions/A/FaceCore
0x0000000016b2c000 	/System/Library/Frameworks/OpenCL.framework/Versions/A/OpenCL
0x0000000016b2c000 	/System/Library/Frameworks/OpenGL.framework/Versions/A/Libraries/libGLU.dylib
0x0000000016b2c000 	/System/Library/Frameworks/OpenGL.framework/Versions/A/Libraries/libGFXShared.dylib
0x0000000016b2c000 	/System/Library/Frameworks/OpenGL.framework/Versions/A/Libraries/libGL.dylib
0x0000000016b2c000 	/System/Library/Frameworks/OpenGL.framework/Versions/A/Libraries/libGLImage.dylib
0x0000000016b2c000 	/System/Library/Frameworks/OpenGL.framework/Versions/A/Libraries/libCVMSPluginSupport.dylib
0x0000000016b2c000 	/System/Library/Frameworks/OpenGL.framework/Versions/A/Libraries/libCoreVMClient.dylib
0x0000000016b2c000 	/System/Library/PrivateFrameworks/CrashReporterSupport.framework/Versions/A/CrashReporterSupport
0x0000000016b2c000 	/System/Library/PrivateFrameworks/Sharing.framework/Versions/A/Sharing
0x0000000016b2c000 	/System/Library/PrivateFrameworks/IconServices.framework/Versions/A/IconServices
0x0000000016b2c000 	/System/Library/PrivateFrameworks/ProtocolBuffer.framework/Versions/A/ProtocolBuffer
0x0000000016b2c000 	/System/Library/PrivateFrameworks/Apple80211.framework/Versions/A/Apple80211
0x0000000016b2c000 	/System/Library/Frameworks/CoreWLAN.framework/Versions/A/CoreWLAN
0x0000000016b2c000 	/System/Library/PrivateFrameworks/CoreUtils.framework/Versions/A/CoreUtils
0x0000000016b2c000 	/System/Library/Frameworks/IOBluetooth.framework/Versions/A/IOBluetooth
0x0000000016b2c000 	/System/Library/PrivateFrameworks/CoreWiFi.framework/Versions/A/CoreWiFi
0x0000000016b2c000 	/System/Library/Frameworks/CoreBluetooth.framework/Versions/A/CoreBluetooth
0x0000000016b2c000 	/System/Library/Frameworks/CoreDisplay.framework/Versions/A/CoreDisplay
0x0000000016b2c000 	/System/Library/PrivateFrameworks/IOPresentment.framework/Versions/A/IOPresentment
0x0000000016b2c000 	/System/Library/PrivateFrameworks/DebugSymbols.framework/Versions/A/DebugSymbols
0x0000000016b2c000 	/System/Library/PrivateFrameworks/CoreSymbolication.framework/Versions/A/CoreSymbolication
0x0000000016b2c000 	/System/Library/PrivateFrameworks/Symbolication.framework/Versions/A/Symbolication
0x0000000016b2c000 	/System/Library/PrivateFrameworks/AppleFSCompression.framework/Versions/A/AppleFSCompression
0x0000000016b2c000 	/System/Library/PrivateFrameworks/SpeechRecognitionCore.framework/Versions/A/SpeechRecognitionCore
0x0000000016b2c000 	/System/Library/PrivateFrameworks/ChunkingLibrary.framework/Versions/A/ChunkingLibrary
0x00000001012c9000 	/Library/Frameworks/R.framework/Versions/3.3/Resources/lib/libRblas.dylib
0x00000001012f9000 	/Library/Frameworks/R.framework/Versions/3.3/Resources/lib/libgfortran.3.dylib
0x0000000101464000 	/Library/Frameworks/R.framework/Versions/3.3/Resources/lib/libquadmath.0.dylib
0x00000001014a5000 	/Library/Frameworks/R.framework/Versions/3.3/Resources/lib/libreadline.5.2.dylib
0x00000001014e3000 	/Library/Frameworks/R.framework/Versions/3.3/Resources/lib/libgcc_s_x86_64.1.dylib
0x0000000016b2c000 	/usr/lib/libncurses.5.4.dylib
0x00000001015cb000 	/Library/Frameworks/R.framework/Versions/3.3/Resources/library/methods/libs/methods.so
0x00000001015d8000 	/Library/Frameworks/R.framework/Versions/3.3/Resources/library/utils/libs/utils.so
0x0000000105a04000 	/Library/Frameworks/R.framework/Versions/3.3/Resources/library/grDevices/libs/grDevices.so
0x0000000105a8f000 	/Library/Frameworks/R.framework/Versions/3.3/Resources/library/graphics/libs/graphics.so
0x0000000105ad8000 	/Library/Frameworks/R.framework/Versions/3.3/Resources/library/stats/libs/stats.so
0x0000000105b94000 	/Library/Frameworks/R.framework/Versions/3.3/Resources/lib/libRlapack.dylib
0x0000000107000000 	/Applications/RStudio.app/Contents/MacOS/rsclang/libclang.dylib
0x0000000016b2c000 	/usr/lib/libedit.3.dylib
0x00000001015e7000 	/Library/Frameworks/R.framework/Versions/3.3/Resources/library/tools/libs/tools.so
0x0000000107cc1000 	/Library/Frameworks/R.framework/Resources/modules//internet.so
0x0000000016b2c000 	/usr/lib/libcurl.4.dylib
0x0000000016b2c000 	/System/Library/Frameworks/LDAP.framework/Versions/A/LDAP
0x0000000016b2c000 	/usr/lib/libsasl2.2.dylib
0x0000000016b2c000 	/System/Library/PrivateFrameworks/CoreDaemon.framework/Versions/B/CoreDaemon
0x0000000016b2c000 	/System/Library/PrivateFrameworks/AppleSRP.framework/Versions/A/AppleSRP
0x0000000101fdd000 	/Library/Frameworks/R.framework/Versions/3.3/Resources/library/parallel/libs/parallel.so
0x0000000101fe4000 	/Library/Frameworks/R.framework/Versions/3.3/Resources/library/slam/libs/slam.so
0x0000000101fef000 	/Library/Frameworks/R.framework/Versions/3.3/Resources/library/tm/libs/tm.so
0x0000000107f12000 	/Library/Frameworks/R.framework/Versions/3.3/Resources/library/SnowballC/libs/SnowballC.so
0x0000000105fe4000 	/Library/Java/JavaVirtualMachines/jdk1.8.0_111.jdk/Contents/Home/jre/lib/jli/libjli.dylib
0x0000000016b2c000 	/System/Library/Frameworks/Cocoa.framework/Versions/A/Cocoa
0x0000000107f53000 	/Library/Frameworks/R.framework/Versions/3.3/Resources/library/rJava/libs/rJava.so
0x0000000108900000 	/usr/local/lib/libjvm.dylib
0x0000000107f66000 	/Library/Java/JavaVirtualMachines/jdk1.8.0_111.jdk/Contents/Home/jre/lib/libverify.dylib
0x0000000107f74000 	/Library/Java/JavaVirtualMachines/jdk1.8.0_111.jdk/Contents/Home/jre/lib/libjava.dylib
0x0000000105ff4000 	/Library/Java/JavaVirtualMachines/jdk1.8.0_111.jdk/Contents/Home/jre/lib/libzip.dylib
0x0000000109fdc000 	/System/Library/Frameworks/JavaVM.framework/Frameworks/JavaRuntimeSupport.framework/JavaRuntimeSupport
0x000000010d9ac000 	/System/Library/Frameworks/JavaVM.framework/Versions/A/Frameworks/JavaNativeFoundation.framework/Versions/A/JavaNativeFoundation
0x000000010d9c1000 	/System/Library/Frameworks/JavaVM.framework/Versions/A/JavaVM
0x0000000016b2c000 	/System/Library/Frameworks/Carbon.framework/Versions/A/Carbon
0x000000010d9ce000 	/System/Library/PrivateFrameworks/JavaLaunching.framework/Versions/A/JavaLaunching
0x0000000016b2c000 	/System/Library/Frameworks/Carbon.framework/Versions/A/Frameworks/CommonPanels.framework/Versions/A/CommonPanels
0x0000000016b2c000 	/System/Library/Frameworks/Carbon.framework/Versions/A/Frameworks/Help.framework/Versions/A/Help
0x0000000016b2c000 	/System/Library/Frameworks/Carbon.framework/Versions/A/Frameworks/ImageCapture.framework/Versions/A/ImageCapture
0x0000000016b2c000 	/System/Library/Frameworks/Carbon.framework/Versions/A/Frameworks/OpenScripting.framework/Versions/A/OpenScripting
0x0000000016b2c000 	/System/Library/Frameworks/Carbon.framework/Versions/A/Frameworks/Print.framework/Versions/A/Print
0x0000000016b2c000 	/System/Library/Frameworks/Carbon.framework/Versions/A/Frameworks/SecurityHI.framework/Versions/A/SecurityHI
0x000000012da2c000 	/Library/Frameworks/R.framework/Versions/3.3/Resources/library/grid/libs/grid.so
0x0000000109ff6000 	/Library/Frameworks/R.framework/Versions/3.3/Resources/library/chron/libs/chron.so
0x000000012da98000 	/Library/Frameworks/R.framework/Versions/3.3/Resources/library/data.table/libs/datatable.so

VM Arguments:
jvm_args: -Djava.awt.headless=true -Xmx8g -Xrs vfprintf exit 
java_command: <unknown>
java_class_path (initial): /Library/Frameworks/R.framework/Versions/3.3/Resources/library/rJava/java/boot
Launcher Type: generic

Environment Variables:
PATH=/usr/bin:/bin:/usr/sbin:/sbin:/usr/local/bin
LD_LIBRARY_PATH=:@JAVA_LD@
SHELL=/bin/bash
DISPLAY=:0
DYLD_LIBRARY_PATH=/Library/Java/JavaVirtualMachines/jdk1.8.0_111.jdk/Contents/Home/jre/lib/server
DYLD_FALLBACK_LIBRARY_PATH=/Library/Frameworks/R.framework/Resources/lib:/Users/nimishsanghi/lib:/usr/local/lib:/usr/lib::

Signal Handlers:
SIGSEGV: [libjvm.dylib+0x5b03ed], sa_mask[0]=11111111011111110111111111111111, sa_flags=SA_ONSTACK|SA_RESTART|SA_SIGINFO
SIGBUS: [libjvm.dylib+0x5b03ed], sa_mask[0]=11111111011111110111111111111111, sa_flags=SA_RESTART|SA_SIGINFO
SIGFPE: [libjvm.dylib+0x48711c], sa_mask[0]=11111111011111110111111111111111, sa_flags=SA_RESTART|SA_SIGINFO
SIGPIPE: [libjvm.dylib+0x48711c], sa_mask[0]=11111111011111110111111111111111, sa_flags=SA_RESTART|SA_SIGINFO
SIGXFSZ: [libjvm.dylib+0x48711c], sa_mask[0]=11111111011111110111111111111111, sa_flags=SA_RESTART|SA_SIGINFO
SIGILL: [libjvm.dylib+0x48711c], sa_mask[0]=11111111011111110111111111111111, sa_flags=SA_RESTART|SA_SIGINFO
SIGUSR1: SIG_IGN, sa_mask[0]=00000000000000000000000000000000, sa_flags=none
SIGUSR2: [libjvm.dylib+0x486c3a], sa_mask[0]=00000000000000000000000000000000, sa_flags=SA_RESTART|SA_SIGINFO
SIGHUP: SIG_DFL, sa_mask[0]=00000000000000000000000000000000, sa_flags=none
SIGINT: SIG_DFL, sa_mask[0]=00000000000000000000000000000000, sa_flags=none
SIGTERM: SIG_DFL, sa_mask[0]=00000000000000000000000000000000, sa_flags=none
SIGQUIT: SIG_DFL, sa_mask[0]=00000000000000000000000000000000, sa_flags=none


---------------  S Y S T E M  ---------------

OS:Bsduname:Darwin 16.1.0 Darwin Kernel Version 16.1.0: Thu Oct 13 21:26:57 PDT 2016; root:xnu-3789.21.3~60/RELEASE_X86_64 x86_64
rlimit: STACK 8192k, CORE 0k, NPROC 709, NOFILE 10240, AS infinity
load average:4.86 4.07 3.27

CPU:total 4 (2 cores per cpu, 2 threads per core) family 6 model 61 stepping 4, cmov, cx8, fxsr, mmx, sse, sse2, sse3, ssse3, sse4.1, sse4.2, popcnt, avx, avx2, aes, clmul, erms, 3dnowpref, lzcnt, ht, tsc, tscinvbit, bmi1, bmi2, adx

Memory: 4k page, physical 8388608k(1146960k free)

/proc/meminfo:


vm_info: Java HotSpot(TM) 64-Bit Server VM (25.111-b14) for bsd-amd64 JRE (1.8.0_111-b14), built on Sep 22 2016 15:31:41 by "java_re" with gcc 4.2.1 (Based on Apple Inc. build 5658) (LLVM build 2336.11.00)

time: Mon Nov 28 04:31:35 2016
elapsed time: 1350 seconds (0d 0h 22m 30s)

